Oct 06 20:54 : avahi: Client Disconnected, will reconnect shortly
Oct 06 20:54 : avahi: Could not reconnect: Daemon not running
Oct 07 22:28 : client: No such directory
Oct 07 22:34 : client: No such directory
Oct 07 22:41 : avahi: Initializing interface
Oct 07 22:41 : avahi: Client changed to state 101
Oct 07 22:41 : avahi: Client is CONNECTING
Oct 07 22:41 : state_file: Loading state file /home/gedi/.mpd/mpdstate
Oct 07 22:49 : client: [0] opened from [::1]:35050
Oct 07 22:49 : client: [0] process command list
Oct 07 22:49 : client: command_process_list: process command "update """
Oct 07 22:49 : update: spawned thread for update job id 1
Oct 07 22:49 : client: command_process_list: command returned 0
Oct 07 22:49 : client: [0] process command list returned 0
Oct 07 22:49 : update: starting
Oct 07 22:49 : client: [0] process command list
Oct 07 22:49 : client: command_process_list: process command "status"
Oct 07 22:49 : update: finished
Oct 07 22:49 : client: command_process_list: command returned 0
Oct 07 22:49 : client: command_process_list: process command "currentsong"
Oct 07 22:49 : client: command_process_list: command returned 0
Oct 07 22:49 : client: [0] process command list returned 0
Oct 07 22:49 : client: [0] closed
Oct 07 22:49 : client: [1] opened from [::1]:35051
Oct 07 22:49 : client: [1] process command list
Oct 07 22:49 : client: command_process_list: process command "add "/""
Oct 07 22:49 : client: command_process_list: command returned 0
Oct 07 22:49 : client: [1] process command list returned 0
Oct 07 22:49 : client: [1] closed
Oct 07 22:49 : client: [2] opened from [::1]:35052
Oct 07 22:49 : client: [2] process command "play"
Oct 07 22:49 : client: [2] command returned 0
Oct 07 22:49 : client: [2] process command list
Oct 07 22:49 : client: command_process_list: process command "status"
Oct 07 22:49 : client: command_process_list: command returned 0
Oct 07 22:49 : client: command_process_list: process command "currentsong"
Oct 07 22:49 : client: command_process_list: command returned 0
Oct 07 22:49 : client: [2] process command list returned 0
Oct 07 22:49 : client: [2] closed
Oct 07 22:49 : client: [3] opened from [::1]:35053
Oct 07 22:49 : client: [3] process command "status"
Oct 07 22:49 : client: [3] command returned 0
Oct 07 22:49 : client: [3] process command "playlistinfo"
Oct 07 22:49 : client: [3] command returned 0
Oct 07 22:49 : client: [3] process command "idle"
Oct 07 22:49 : client: [3] command returned 1
Oct 07 22:49 : client: [3] process command "add "/""
Oct 07 22:49 : client: [3] command returned 0
Oct 07 22:49 : client: [3] process command "idle"
Oct 07 22:49 : client: [3] command returned 1
Oct 07 22:50 : client: [3] process command "add "/""
Oct 07 22:50 : client: [3] command returned 0
Oct 07 22:50 : client: [3] process command "idle"
Oct 07 22:50 : client: [3] command returned 1
Oct 07 22:50 : client: [3] closed
Oct 07 22:51 : client: [4] opened from [::1]:35054
Oct 07 22:51 : client: [4] process command "listall """
Oct 07 22:51 : client: [4] command returned 0
Oct 07 22:51 : client: [4] closed
Oct 07 22:51 : client: [5] opened from [::1]:35055
Oct 07 22:51 : client: [5] process command "listall """
Oct 07 22:51 : client: [5] command returned 0
Oct 07 22:51 : client: [5] closed
Oct 07 22:51 : client: [6] opened from [::1]:35056
Oct 07 22:51 : client: [6] process command "listall """
Oct 07 22:51 : client: [6] command returned 0
Oct 07 22:51 : client: [6] closed
Oct 07 22:51 : client: [7] opened from [::1]:35057
Oct 07 22:51 : client: [7] process command "listall """
Oct 07 22:51 : client: [7] command returned 0
Oct 07 22:51 : client: [7] closed
Oct 07 22:51 : client: [8] opened from [::1]:35058
Oct 07 22:51 : client: [8] process command "listall """
Oct 07 22:51 : client: [8] command returned 0
Oct 07 22:51 : client: [8] closed
Oct 07 22:51 : client: [9] opened from [::1]:35059
Oct 07 22:51 : client: [9] process command "listall """
Oct 07 22:51 : client: [9] command returned 0
Oct 07 22:51 : client: [9] closed
Oct 07 22:51 : client: [10] opened from [::1]:35060
Oct 07 22:51 : client: [10] process command list
Oct 07 22:51 : client: command_process_list: process command "update """
Oct 07 22:51 : update: spawned thread for update job id 2
Oct 07 22:51 : update: starting
Oct 07 22:51 : client: command_process_list: command returned 0
Oct 07 22:51 : client: [10] process command list returned 0
Oct 07 22:51 : client: [10] process command list
Oct 07 22:51 : reading /come_thou_fount.mp3
Oct 07 22:51 : client: command_process_list: process command "status"
Oct 07 22:51 : client: command_process_list: command returned 0
Oct 07 22:51 : client: command_process_list: process command "currentsong"
Oct 07 22:51 : client: command_process_list: command returned 0
Oct 07 22:51 : client: [10] process command list returned 0
Oct 07 22:51 : client: [10] closed
Oct 07 22:51 : added /come_thou_fount.mp3
Oct 07 22:51 : removing empty directories from DB
Oct 07 22:51 : sorting DB
Oct 07 22:51 : writing DB
Oct 07 22:51 : update: finished
Oct 07 22:51 : state_file: Saving state file /home/gedi/.mpd/mpdstate
Oct 07 22:51 : client: [11] opened from [::1]:35061
Oct 07 22:51 : client: [11] process command list
Oct 07 22:51 : client: command_process_list: process command "add "/""
Oct 07 22:51 : client: command_process_list: command returned 0
Oct 07 22:51 : client: [11] process command list returned 0
Oct 07 22:51 : client: [11] closed
Oct 07 22:51 : client: [12] opened from [::1]:35062
Oct 07 22:51 : client: [12] process command "play"
Oct 07 22:51 : playlist: play 0:"come_thou_fount.mp3"
Oct 07 22:51 : client: [12] command returned 0
Oct 07 22:51 : decoder_thread: probing plugin mad
Oct 07 22:51 : client: [12] process command list
Oct 07 22:51 : client: command_process_list: process command "status"
Oct 07 22:51 : client: command_process_list: command returned 0
Oct 07 22:51 : client: command_process_list: process command "currentsong"
Oct 07 22:51 : client: command_process_list: command returned 0
Oct 07 22:51 : client: [12] process command list returned 0
Oct 07 22:51 : decoder: audio_format=44100:24:2, seekable=true
Oct 07 22:51 : client: [12] closed
ALSA lib pcm.c:2217:(snd_pcm_open_noupdate) Unknown PCM plugequal
Oct 07 22:51 : output: Failed to open "My ALSA EQ" [alsa]: Failed to open ALSA device "plug:plugequal": No such file or directory
Oct 07 22:51 : player_thread: problems opening audio device while playing "come_thou_fount.mp3"
Oct 07 22:51 : client: [13] opened from [::1]:35066
Oct 07 22:51 : client: [13] process command "play"
ALSA lib pcm.c:2217:(snd_pcm_open_noupdate) Unknown PCM plugequal
Oct 07 22:51 : output: Failed to open "My ALSA EQ" [alsa]: Failed to open ALSA device "plug:plugequal": No such file or directory
Oct 07 22:51 : client: [13] command returned 0
Oct 07 22:51 : client: [13] process command list
Oct 07 22:51 : client: command_process_list: process command "status"
Oct 07 22:51 : client: command_process_list: command returned 0
Oct 07 22:51 : client: command_process_list: process command "currentsong"
Oct 07 22:51 : client: command_process_list: command returned 0
Oct 07 22:51 : client: [13] process command list returned 0
Oct 07 22:51 : client: [13] closed
Oct 07 22:52 : client: [14] opened from [::1]:35067
Oct 07 22:52 : client: [14] process command "status"
Oct 07 22:52 : client: [14] command returned 0
Oct 07 22:52 : client: [14] process command "playlistinfo"
Oct 07 22:52 : client: [14] command returned 0
Oct 07 22:52 : client: [14] process command "idle"
Oct 07 22:52 : client: [14] command returned 1
Oct 07 22:52 : client: [14] process command "playid "0""
Oct 07 22:52 : playlist: play 0:"come_thou_fount.mp3"
Oct 07 22:52 : client: [14] command returned 0
Oct 07 22:52 : decoder_thread: probing plugin mad
Oct 07 22:52 : decoder: audio_format=44100:24:2, seekable=true
Oct 07 22:52 : client: [14] process command "idle"
Oct 07 22:52 : client: [14] command returned 1
Oct 07 22:52 : client: [14] process command "status"
Oct 07 22:52 : client: [14] command returned 0
Oct 07 22:52 : client: [14] process command "idle"
Oct 07 22:52 : client: [14] command returned 1
ALSA lib pcm.c:2217:(snd_pcm_open_noupdate) Unknown PCM plugequal
Oct 07 22:52 : output: Failed to open "My ALSA EQ" [alsa]: Failed to open ALSA device "plug:plugequal": No such file or directory
Oct 07 22:52 : player_thread: problems opening audio device while playing "come_thou_fount.mp3"
Oct 07 22:52 : client: [14] process command "status"
Oct 07 22:52 : client: [14] command returned 0
Oct 07 22:52 : client: [14] process command "idle"
Oct 07 22:52 : client: [14] command returned 1
Oct 07 22:52 : client: [14] process command "playid "0""
Oct 07 22:52 : playlist: play 0:"come_thou_fount.mp3"
Oct 07 22:52 : client: [14] command returned 0
Oct 07 22:52 : decoder_thread: probing plugin mad
Oct 07 22:52 : decoder: audio_format=44100:24:2, seekable=true
Oct 07 22:52 : client: [14] process command "idle"
Oct 07 22:52 : client: [14] command returned 1
Oct 07 22:52 : client: [14] process command "status"
Oct 07 22:52 : client: [14] command returned 0
Oct 07 22:52 : client: [14] process command "idle"
Oct 07 22:52 : client: [14] command returned 1
ALSA lib pcm.c:2217:(snd_pcm_open_noupdate) Unknown PCM plugequal
Oct 07 22:52 : output: Failed to open "My ALSA EQ" [alsa]: Failed to open ALSA device "plug:plugequal": No such file or directory
Oct 07 22:52 : player_thread: problems opening audio device while playing "come_thou_fount.mp3"
Oct 07 22:52 : client: [14] process command "status"
Oct 07 22:52 : client: [14] command returned 0
Oct 07 22:52 : client: [14] process command "idle"
Oct 07 22:52 : client: [14] command returned 1
Oct 07 22:52 : client: [14] process command "playid "0""
Oct 07 22:52 : playlist: play 0:"come_thou_fount.mp3"
Oct 07 22:52 : client: [14] command returned 0
Oct 07 22:52 : decoder_thread: probing plugin mad
Oct 07 22:52 : decoder: audio_format=44100:24:2, seekable=true
Oct 07 22:52 : client: [14] process command "idle"
Oct 07 22:52 : client: [14] command returned 1
Oct 07 22:52 : client: [14] process command "status"
Oct 07 22:52 : client: [14] command returned 0
Oct 07 22:52 : client: [14] process command "idle"
Oct 07 22:52 : client: [14] command returned 1
ALSA lib pcm.c:2217:(snd_pcm_open_noupdate) Unknown PCM plugequal
Oct 07 22:52 : output: Failed to open "My ALSA EQ" [alsa]: Failed to open ALSA device "plug:plugequal": No such file or directory
Oct 07 22:52 : player_thread: problems opening audio device while playing "come_thou_fount.mp3"
Oct 07 22:52 : client: [14] process command "status"
Oct 07 22:52 : client: [14] command returned 0
Oct 07 22:52 : client: [14] process command "idle"
Oct 07 22:52 : client: [14] command returned 1
Oct 07 22:53 : client: [14] process command "playid "0""
Oct 07 22:53 : playlist: play 0:"come_thou_fount.mp3"
Oct 07 22:53 : client: [14] command returned 0
Oct 07 22:53 : decoder_thread: probing plugin mad
Oct 07 22:53 : decoder: audio_format=44100:24:2, seekable=true
Oct 07 22:53 : client: [14] process command "idle"
Oct 07 22:53 : client: [14] command returned 1
Oct 07 22:53 : client: [14] process command "status"
Oct 07 22:53 : client: [14] command returned 0
Oct 07 22:53 : client: [14] process command "idle"
Oct 07 22:53 : client: [14] command returned 1
ALSA lib pcm.c:2217:(snd_pcm_open_noupdate) Unknown PCM plugequal
Oct 07 22:53 : output: Failed to open "My ALSA EQ" [alsa]: Failed to open ALSA device "plug:plugequal": No such file or directory
Oct 07 22:53 : player_thread: problems opening audio device while playing "come_thou_fount.mp3"
Oct 07 22:53 : client: [14] process command "status"
Oct 07 22:53 : client: [14] command returned 0
Oct 07 22:53 : client: [14] process command "idle"
Oct 07 22:53 : client: [14] command returned 1
Oct 07 22:53 : client: [14] process command "playid "0""
Oct 07 22:53 : playlist: play 0:"come_thou_fount.mp3"
Oct 07 22:53 : client: [14] command returned 0
Oct 07 22:53 : decoder_thread: probing plugin mad
Oct 07 22:53 : client: [14] process command "idle"
Oct 07 22:53 : client: [14] command returned 1
Oct 07 22:53 : decoder: audio_format=44100:24:2, seekable=true
Oct 07 22:53 : client: [14] process command "status"
Oct 07 22:53 : client: [14] command returned 0
Oct 07 22:53 : client: [14] process command "idle"
Oct 07 22:53 : client: [14] command returned 1
ALSA lib pcm.c:2217:(snd_pcm_open_noupdate) Unknown PCM plugequal
Oct 07 22:53 : output: Failed to open "My ALSA EQ" [alsa]: Failed to open ALSA device "plug:plugequal": No such file or directory
Oct 07 22:53 : player_thread: problems opening audio device while playing "come_thou_fount.mp3"
Oct 07 22:53 : client: [14] process command "status"
Oct 07 22:53 : client: [14] command returned 0
Oct 07 22:53 : client: [14] process command "idle"
Oct 07 22:53 : client: [14] command returned 1
Oct 07 22:53 : client: [14] process command "playid "0""
Oct 07 22:53 : playlist: play 0:"come_thou_fount.mp3"
Oct 07 22:53 : client: [14] command returned 0
Oct 07 22:53 : decoder_thread: probing plugin mad
Oct 07 22:53 : decoder: audio_format=44100:24:2, seekable=true
Oct 07 22:53 : client: [14] process command "idle"
Oct 07 22:53 : client: [14] command returned 1
Oct 07 22:53 : client: [14] process command "status"
Oct 07 22:53 : client: [14] command returned 0
Oct 07 22:53 : client: [14] process command "idle"
Oct 07 22:53 : client: [14] command returned 1
ALSA lib pcm.c:2217:(snd_pcm_open_noupdate) Unknown PCM plugequal
Oct 07 22:53 : output: Failed to open "My ALSA EQ" [alsa]: Failed to open ALSA device "plug:plugequal": No such file or directory
Oct 07 22:53 : player_thread: problems opening audio device while playing "come_thou_fount.mp3"
Oct 07 22:53 : client: [14] process command "status"
Oct 07 22:53 : client: [14] command returned 0
Oct 07 22:53 : client: [14] process command "idle"
Oct 07 22:53 : client: [14] command returned 1
Oct 07 22:56 : client: [14] closed
Oct 07 22:56 : client: [15] opened from [::1]:35072
Oct 07 22:56 : client: [15] process command "status"
Oct 07 22:56 : client: [15] command returned 0
Oct 07 22:56 : client: [15] process command "playlistinfo"
Oct 07 22:56 : client: [15] command returned 0
Oct 07 22:56 : client: [15] process command "idle"
Oct 07 22:56 : client: [15] command returned 1
Oct 07 22:56 : client: [15] process command "playid "0""
Oct 07 22:56 : playlist: play 0:"come_thou_fount.mp3"
Oct 07 22:56 : client: [15] command returned 0
Oct 07 22:56 : decoder_thread: probing plugin mad
Oct 07 22:56 : decoder: audio_format=44100:24:2, seekable=true
Oct 07 22:56 : client: [15] process command "idle"
Oct 07 22:56 : client: [15] command returned 1
Oct 07 22:56 : client: [15] process command "status"
Oct 07 22:56 : client: [15] command returned 0
Oct 07 22:56 : client: [15] process command "idle"
Oct 07 22:56 : client: [15] command returned 1
ALSA lib pcm.c:2217:(snd_pcm_open_noupdate) Unknown PCM plugequal
Oct 07 22:56 : output: Failed to open "My ALSA EQ" [alsa]: Failed to open ALSA device "plug:plugequal": No such file or directory
Oct 07 22:56 : player_thread: problems opening audio device while playing "come_thou_fount.mp3"
Oct 07 22:56 : client: [15] process command "status"
Oct 07 22:56 : client: [15] command returned 0
Oct 07 22:56 : client: [15] process command "idle"
Oct 07 22:56 : client: [15] command returned 1
Oct 07 22:56 : client: [15] process command "playid "0""
Oct 07 22:56 : playlist: play 0:"come_thou_fount.mp3"
Oct 07 22:56 : client: [15] command returned 0
Oct 07 22:56 : decoder_thread: probing plugin mad
Oct 07 22:56 : decoder: audio_format=44100:24:2, seekable=true
Oct 07 22:56 : client: [15] process command "idle"
Oct 07 22:56 : client: [15] command returned 1
Oct 07 22:56 : client: [15] process command "status"
Oct 07 22:56 : client: [15] command returned 0
Oct 07 22:56 : client: [15] process command "idle"
Oct 07 22:56 : client: [15] command returned 1
ALSA lib pcm.c:2217:(snd_pcm_open_noupdate) Unknown PCM plugequal
Oct 07 22:56 : output: Failed to open "My ALSA EQ" [alsa]: Failed to open ALSA device "plug:plugequal": No such file or directory
Oct 07 22:56 : player_thread: problems opening audio device while playing "come_thou_fount.mp3"
Oct 07 22:56 : client: [15] process command "status"
Oct 07 22:56 : client: [15] command returned 0
Oct 07 22:56 : client: [15] process command "idle"
Oct 07 22:56 : client: [15] command returned 1
Oct 07 22:56 : client: [15] closed
Oct 07 22:56 : state_file: Saving state file /home/gedi/.mpd/mpdstate
Oct 07 22:56 : state_file: Saving state file /home/gedi/.mpd/mpdstate
Oct 07 22:56 : avahi: Shutting down interface
Oct 07 22:56 : listen: listen_global_finish called
Oct 07 22:56 : db_finish took 0.000000 seconds
Oct 07 23:25 : avahi: Client Disconnected, will reconnect shortly
Oct 07 23:25 : avahi: Could not reconnect: Daemon not running
Oct 13 10:02 : added Emilie Simon/The Flower Book/05 Fleur De Saison.mp3
Oct 13 10:02 : added Emilie Simon/The Flower Book/06 Le vieil Amant.mp3
Oct 13 10:02 : added Emilie Simon/The Flower Book/04 Desert.mp3
Oct 13 10:02 : added Emilie Simon/The Flower Book/07 Sweet Blossom.mp3
Oct 13 10:02 : added Emilie Simon/The Flower Book/01 Song Of The Storm.mp3
Oct 13 10:02 : added Emilie Simon/The Flower Book/11 Il Pleut.mp3
Oct 13 10:02 : added Emilie Simon/The Flower Book/10 Flowers.mp3
Oct 13 10:02 : added Emilie Simon/The Flower Book/02 I Wanna Be Your Dog.mp3
Oct 13 10:02 : added Emilie Simon/The Flower Book/09 Never Fall In Love.mp3
Oct 13 10:02 : added Emilie Simon/The Flower Book/05 to the dancers in the rain.mp3
Oct 13 10:02 : added Emilie Simon/The Flower Book/03 Dame De Lotus.mp3
Oct 13 10:02 : added Berry/Mademoiselle/01-berry-mademoiselle.mp3
Oct 13 10:02 : added Berry/Mademoiselle/11-berry-les_heures_bleues.mp3
Oct 13 10:02 : added Berry/Mademoiselle/04-berry-belle_comme_tout.mp3
Oct 13 10:02 : added Berry/Mademoiselle/06-berry-love_affair.mp3
Oct 13 10:02 : added Berry/Mademoiselle/09-berry-inutile.mp3
Oct 13 10:02 : added Berry/Mademoiselle/07-berry-plus_loin.mp3
Oct 13 10:02 : added Berry/Mademoiselle/02-berry-le_bonheur.mp3
Oct 13 10:02 : added Berry/Mademoiselle/05-berry-enfant_de_salaud.mp3
Oct 13 10:02 : added Berry/Mademoiselle/10-berry-cheri.mp3
Oct 13 10:02 : added Berry/Mademoiselle/08-berry-demain.mp3
Oct 13 10:02 : added Berry/Mademoiselle/03-berry-las_vegas.mp3
Oct 13 10:02 : added Loane/14 - Le Monde Est Merveilleux (feat. Loane).mp3
Oct 13 10:02 : added Loane/Jamais Seule/10 - danser.mp3
Oct 13 10:02 : added Loane/Jamais Seule/01 - petit bonheur.mp3
Oct 13 10:02 : added Loane/Jamais Seule/04 - contre toi.mp3
Oct 13 10:02 : added Loane/Jamais Seule/05 - ce que j'ai connu.mp3
Oct 13 10:02 : added Loane/Jamais Seule/06 - comme si quelqu'un.mp3
Oct 13 10:02 : added Loane/Jamais Seule/08 - maman.mp3
Oct 13 10:02 : added Loane/Jamais Seule/03 - aim?.mp3
Oct 13 10:02 : added Loane/Jamais Seule/09 - ailleurs.mp3
Oct 13 10:02 : added Loane/Jamais Seule/11 - je m'all?ge.mp3
Oct 13 10:02 : added Loane/Jamais Seule/07 - femme qui court.mp3
Oct 13 10:02 : added Loane/Jamais Seule/02 - jamais seule.mp3
Oct 13 10:02 : added Loane/Le Lendemain/11-loane-limpossible_abime_(special_guest_christophe).mp3
Oct 13 10:02 : added Loane/Le Lendemain/02-loane-boby.mp3
Oct 13 10:02 : added Loane/Le Lendemain/03-loane-rien_de_commun.mp3
Oct 13 10:02 : added Loane/Le Lendemain/09-loane-les_chateaux_hollandais.mp3
Oct 13 10:02 : added Loane/Le Lendemain/10-loane-les_trains_de_nuit.mp3
Oct 13 10:02 : added Loane/Le Lendemain/01-loane-on_sen_fout.mp3
Oct 13 10:02 : added Loane/Le Lendemain/04-loane-parfun_de_fille.mp3
Oct 13 10:02 : added Loane/Le Lendemain/08-loane-sans.mp3
Oct 13 10:02 : added Loane/Le Lendemain/06-loane-adieu_tristes_sourires.mp3
Oct 13 10:02 : added Loane/Le Lendemain/07-loane-le_gout_des_autres.mp3
Oct 13 10:02 : added Loane/inxs - 09 - mystify _(john mayer and loane).mp3
Oct 13 18:17 : player_thread: played "Loane/Le Lendemain/06-loane-adieu_tristes_sourires.mp3"
Oct 14 10:06 : player_thread: played "Loane/Le Lendemain/02-loane-boby.mp3"
Oct 14 10:10 : player_thread: played "Loane/Le Lendemain/03-loane-rien_de_commun.mp3"
Oct 14 10:14 : player_thread: played "Loane/Le Lendemain/04-loane-parfun_de_fille.mp3"
Oct 14 10:19 : player_thread: played "Loane/Le Lendemain/06-loane-adieu_tristes_sourires.mp3"
Oct 14 10:23 : player_thread: played "Loane/Le Lendemain/07-loane-le_gout_des_autres.mp3"
Oct 14 10:27 : player_thread: played "Loane/Le Lendemain/08-loane-sans.mp3"
Oct 14 10:32 : player_thread: played "Loane/Le Lendemain/09-loane-les_chateaux_hollandais.mp3"
Oct 14 10:35 : player_thread: played "Loane/Le Lendemain/10-loane-les_trains_de_nuit.mp3"
Oct 14 10:44 : player_thread: played "Berry/Mademoiselle/01-berry-mademoiselle.mp3"
Oct 14 10:47 : player_thread: played "Berry/Mademoiselle/02-berry-le_bonheur.mp3"
Oct 14 10:52 : player_thread: played "Berry/Mademoiselle/03-berry-las_vegas.mp3"
Oct 14 10:56 : player_thread: played "Berry/Mademoiselle/04-berry-belle_comme_tout.mp3"
Oct 14 10:59 : player_thread: played "Berry/Mademoiselle/05-berry-enfant_de_salaud.mp3"
Oct 14 22:49 : player_thread: played "Loane/Le Lendemain/02-loane-boby.mp3"
Oct 14 22:53 : player_thread: played "Loane/Le Lendemain/03-loane-rien_de_commun.mp3"
Oct 14 22:57 : player_thread: played "Loane/Le Lendemain/04-loane-parfun_de_fille.mp3"
Oct 14 23:01 : player_thread: played "Loane/Le Lendemain/06-loane-adieu_tristes_sourires.mp3"
Oct 14 23:05 : player_thread: played "Loane/Le Lendemain/07-loane-le_gout_des_autres.mp3"
Oct 14 23:10 : player_thread: played "Loane/Le Lendemain/08-loane-sans.mp3"
Oct 16 10:42 : avahi: Client Disconnected, will reconnect shortly
Oct 16 10:42 : avahi: Could not reconnect: Daemon not running
Oct 18 08:56 : player_thread: played "Berry/Mademoiselle/01-berry-mademoiselle.mp3"
Oct 18 09:05 : mixer: Failed to read mixer for 'USB Headphone Set': no such mixer control: Master
Oct 18 09:05 : Failed to open mixer for 'USB Headphone Set': no such mixer control: Master
Oct 18 09:06 : Failed to open mixer for 'USB Headphone Set': no such mixer control: Master
Oct 18 09:06 : Failed to open mixer for 'USB Headphone Set': no such mixer control: Master
